<?xml version="1.0" encoding="UTF-8"?>
<!-- Generated by org.testng.reporters.JUnitXMLReporter -->
<testsuite ignored="0" hostname="Bloomlync-Qa" failures="0" tests="5" name="NoneTest" time="2.002" errors="0" timestamp="2024-08-29T11:33:09 IST">
  <testcase classname="tests.VideoPlatformNoneBookingTest" name="@BeforeClass setUp" time="1.709">
    <failure type="org.openqa.selenium.SessionNotCreatedException" message="session not created: This version of ChromeDriver only supports Chrome version 126
Current browser version is 128.0.6613.85 with binary path C:\Program Files\Google\Chrome\Application\chrome.exe
Build info: version: &amp;apos;3.141.59&amp;apos;, revision: &amp;apos;e82be7d358&amp;apos;, time: &amp;apos;2018-11-14T08:17:03&amp;apos;
System info: host: &amp;apos;BLOOMLYNC-QA&amp;apos;, ip: &amp;apos;192.168.88.80&amp;apos;, os.name: &amp;apos;Windows 11&amp;apos;, os.arch: &amp;apos;amd64&amp;apos;, os.version: &amp;apos;10.0&amp;apos;, java.version: &amp;apos;21.0.3&amp;apos;
Driver info: driver.version: ChromeDriver
remote stacktrace: 	GetHandleVerifier [0x0077C1C3+27395]
	(No symbol) [0x00713DC4]
	(No symbol) [0x00611B7F]
	(No symbol) [0x00644B8A]
	(No symbol) [0x00643EED]
	(No symbol) [0x0063EFAF]
	(No symbol) [0x0063AC69]
	(No symbol) [0x0067D58E]
	(No symbol) [0x0067CDAA]
	(No symbol) [0x00673736]
	(No symbol) [0x00647541]
	(No symbol) [0x006480BD]
	GetHandleVerifier [0x00A33A93+2876371]
	GetHandleVerifier [0x00A87F5D+3221661]
	GetHandleVerifier [0x007FD634+556916]
	GetHandleVerifier [0x0080474C+585868]
	(No symbol) [0x0071CE04]
	(No symbol) [0x00719818]
	(No symbol) [0x007199B7]
	(No symbol) [0x0070BF0E]
	BaseThreadInitThunk [0x76717BA9+25]
	RtlInitializeExceptionChain [0x77DBC10B+107]
	RtlClearBits [0x77DBC08F+191]
">
      <![CDATA[org.openqa.selenium.SessionNotCreatedException: session not created: This version of ChromeDriver only supports Chrome version 126
Current browser version is 128.0.6613.85 with binary path C:\Program Files\Google\Chrome\Application\chrome.exe
Build info: version: '3.141.59', revision: 'e82be7d358', time: '2018-11-14T08:17:03'
System info: host: 'BLOOMLYNC-QA', ip: '192.168.88.80', os.name: 'Windows 11', os.arch: 'amd64', os.version: '10.0', java.version: '21.0.3'
Driver info: driver.version: ChromeDriver
remote stacktrace: GetHandleVerifier [0x0077C1C3+27395]
(No symbol) [0x00713DC4]
(No symbol) [0x00611B7F]
(No symbol) [0x00644B8A]
(No symbol) [0x00643EED]
(No symbol) [0x0063EFAF]
(No symbol) [0x0063AC69]
(No symbol) [0x0067D58E]
(No symbol) [0x0067CDAA]
(No symbol) [0x00673736]
(No symbol) [0x00647541]
(No symbol) [0x006480BD]
GetHandleVerifier [0x00A33A93+2876371]
GetHandleVerifier [0x00A87F5D+3221661]
GetHandleVerifier [0x007FD634+556916]
GetHandleVerifier [0x0080474C+585868]
(No symbol) [0x0071CE04]
(No symbol) [0x00719818]
(No symbol) [0x007199B7]
(No symbol) [0x0070BF0E]
BaseThreadInitThunk [0x76717BA9+25]
RtlInitializeExceptionChain [0x77DBC10B+107]
RtlClearBits [0x77DBC08F+191]

at org.openqa.selenium.remote.W3CHandshakeResponse.lambda$errorHandler$0(W3CHandshakeResponse.java:62)
at org.openqa.selenium.remote.HandshakeResponse.lambda$getResponseFunction$0(HandshakeResponse.java:30)
at org.openqa.selenium.remote.ProtocolHandshake.lambda$createSession$0(ProtocolHandshake.java:126)
at java.base/java.util.stream.ReferencePipeline$3$1.accept(ReferencePipeline.java:197)
at java.base/java.util.Spliterators$ArraySpliterator.tryAdvance(Spliterators.java:1034)
at java.base/java.util.stream.ReferencePipeline.forEachWithCancel(ReferencePipeline.java:129)
at java.base/java.util.stream.AbstractPipeline.copyIntoWithCancel(AbstractPipeline.java:527)
at java.base/java.util.stream.AbstractPipeline.copyInto(AbstractPipeline.java:513)
at java.base/java.util.stream.AbstractPipeline.wrapAndCopyInto(AbstractPipeline.java:499)
at java.base/java.util.stream.FindOps$FindOp.evaluateSequential(FindOps.java:150)
at java.base/java.util.stream.AbstractPipeline.evaluate(AbstractPipeline.java:234)
at java.base/java.util.stream.ReferencePipeline.findFirst(ReferencePipeline.java:647)
at org.openqa.selenium.remote.ProtocolHandshake.createSession(ProtocolHandshake.java:128)
at org.openqa.selenium.remote.ProtocolHandshake.createSession(ProtocolHandshake.java:74)
at org.openqa.selenium.remote.HttpCommandExecutor.execute(HttpCommandExecutor.java:136)
at org.openqa.selenium.remote.service.DriverCommandExecutor.execute(DriverCommandExecutor.java:83)
at org.openqa.selenium.remote.RemoteWebDriver.execute(RemoteWebDriver.java:552)
at org.openqa.selenium.remote.RemoteWebDriver.startSession(RemoteWebDriver.java:213)
at org.openqa.selenium.remote.RemoteWebDriver.<init>(RemoteWebDriver.java:131)
at org.openqa.selenium.chrome.ChromeDriver.<init>(ChromeDriver.java:181)
at org.openqa.selenium.chrome.ChromeDriver.<init>(ChromeDriver.java:168)
at org.openqa.selenium.chrome.ChromeDriver.<init>(ChromeDriver.java:123)
at tests.VideoPlatformNoneBookingTest.setUp(VideoPlatformNoneBookingTest.java:52)
at java.base/java.util.ArrayList.forEach(ArrayList.java:1596)
at java.base/java.util.concurrent.FutureTask.run(FutureTask.java:317)
at java.base/java.util.concurrent.ThreadPoolExecutor.runWorker(ThreadPoolExecutor.java:1144)
at java.base/java.util.concurrent.ThreadPoolExecutor$Worker.run(ThreadPoolExecutor.java:642)
at java.base/java.lang.Thread.run(Thread.java:1583)
... Removed 17 stack frames]]>
    </failure>
  </testcase> <!-- @BeforeClass setUp -->
  <testcase classname="tests.VideoPlatformNoneBookingTest" name="@AfterClass tearDown" time="-1.724911389693E9">
    <skipped/>
  </testcase> <!-- @AfterClass tearDown -->
  <testcase classname="tests.VideoPlatformNoneBookingTest" name="testEncoder" time="0.0">
    <skipped/>
  </testcase> <!-- testEncoder -->
  <testcase classname="tests.VideoPlatformNoneBookingTest" name="testDecoder" time="0.0">
    <skipped/>
  </testcase> <!-- testDecoder -->
  <testcase classname="tests.VideoPlatformNoneBookingTest" name="testSource" time="0.0">
    <skipped/>
  </testcase> <!-- testSource -->
  <testcase classname="tests.VideoPlatformNoneBookingTest" name="testChannel" time="0.0">
    <skipped/>
  </testcase> <!-- testChannel -->
  <testcase classname="tests.VideoPlatformNoneBookingTest" name="testBooking" time="0.0">
    <skipped/>
  </testcase> <!-- testBooking -->
</testsuite> <!-- NoneTest -->
