<?xml version="1.0" encoding="UTF-8"?>
<!-- Generated by org.testng.reporters.JUnitReportReporter -->
<testsuite hostname="Bloomlync-Qa" failures="0" tests="6" name="tests.VideoPlatformNoneBookingTest" time="1.709" errors="1" timestamp="2024-08-29T11:33:10 IST" skipped="5">
  <testcase classname="tests.VideoPlatformNoneBookingTest" name="setUp" time="1.709">
    <error message="session not created: This version of ChromeDriver only supports Chrome version 126
Current browser version is 128.0.6613.85 with binary path C:\Program Files\Google\Chrome\Application\chrome.exe
Build info: version: &#039;3.141.59&#039;, revision: &#039;e82be7d358&#039;, time: &#039;2018-11-14T08:17:03&#039;
System info: host: &#039;BLOOMLYNC-QA&#039;, ip: &#039;192.168.88.80&#039;, os.name: &#039;Windows 11&#039;, os.arch: &#039;amd64&#039;, os.version: &#039;10.0&#039;, java.version: &#039;21.0.3&#039;
Driver info: driver.version: ChromeDriver
remote stacktrace: 	GetHandleVerifier [0x0077C1C3+27395]
	(No symbol) [0x00713DC4]
	(No symbol) [0x00611B7F]
	(No symbol) [0x00644B8A]
	(No symbol) [0x00643EED]
	(No symbol) [0x0063EFAF]
	(No symbol) [0x0063AC69]
	(No symbol) [0x0067D58E]
	(No symbol) [0x0067CDAA]
	(No symbol) [0x00673736]
	(No symbol) [0x00647541]
	(No symbol) [0x006480BD]
	GetHandleVerifier [0x00A33A93+2876371]
	GetHandleVerifier [0x00A87F5D+3221661]
	GetHandleVerifier [0x007FD634+556916]
	GetHandleVerifier [0x0080474C+585868]
	(No symbol) [0x0071CE04]
	(No symbol) [0x00719818]
	(No symbol) [0x007199B7]
	(No symbol) [0x0070BF0E]
	BaseThreadInitThunk [0x76717BA9+25]
	RtlInitializeExceptionChain [0x77DBC10B+107]
	RtlClearBits [0x77DBC08F+191]
" type="org.openqa.selenium.SessionNotCreatedException">
      <![CDATA[org.openqa.selenium.SessionNotCreatedException: session not created: This version of ChromeDriver only supports Chrome version 126
Current browser version is 128.0.6613.85 with binary path C:\Program Files\Google\Chrome\Application\chrome.exe
Build info: version: '3.141.59', revision: 'e82be7d358', time: '2018-11-14T08:17:03'
System info: host: 'BLOOMLYNC-QA', ip: '192.168.88.80', os.name: 'Windows 11', os.arch: 'amd64', os.version: '10.0', java.version: '21.0.3'
Driver info: driver.version: ChromeDriver
remote stacktrace: GetHandleVerifier [0x0077C1C3+27395]
(No symbol) [0x00713DC4]
(No symbol) [0x00611B7F]
(No symbol) [0x00644B8A]
(No symbol) [0x00643EED]
(No symbol) [0x0063EFAF]
(No symbol) [0x0063AC69]
(No symbol) [0x0067D58E]
(No symbol) [0x0067CDAA]
(No symbol) [0x00673736]
(No symbol) [0x00647541]
(No symbol) [0x006480BD]
GetHandleVerifier [0x00A33A93+2876371]
GetHandleVerifier [0x00A87F5D+3221661]
GetHandleVerifier [0x007FD634+556916]
GetHandleVerifier [0x0080474C+585868]
(No symbol) [0x0071CE04]
(No symbol) [0x00719818]
(No symbol) [0x007199B7]
(No symbol) [0x0070BF0E]
BaseThreadInitThunk [0x76717BA9+25]
RtlInitializeExceptionChain [0x77DBC10B+107]
RtlClearBits [0x77DBC08F+191]

at java.base/jdk.internal.reflect.DirectConstructorHandleAccessor.newInstance(DirectConstructorHandleAccessor.java:62)
at java.base/java.lang.reflect.Constructor.newInstanceWithCaller(Constructor.java:502)
at java.base/java.lang.reflect.Constructor.newInstance(Constructor.java:486)
at org.openqa.selenium.remote.W3CHandshakeResponse.lambda$errorHandler$0(W3CHandshakeResponse.java:62)
at org.openqa.selenium.remote.HandshakeResponse.lambda$getResponseFunction$0(HandshakeResponse.java:30)
at org.openqa.selenium.remote.ProtocolHandshake.lambda$createSession$0(ProtocolHandshake.java:126)
at java.base/java.util.stream.ReferencePipeline$3$1.accept(ReferencePipeline.java:197)
at java.base/java.util.Spliterators$ArraySpliterator.tryAdvance(Spliterators.java:1034)
at java.base/java.util.stream.ReferencePipeline.forEachWithCancel(ReferencePipeline.java:129)
at java.base/java.util.stream.AbstractPipeline.copyIntoWithCancel(AbstractPipeline.java:527)
at java.base/java.util.stream.AbstractPipeline.copyInto(AbstractPipeline.java:513)
at java.base/java.util.stream.AbstractPipeline.wrapAndCopyInto(AbstractPipeline.java:499)
at java.base/java.util.stream.FindOps$FindOp.evaluateSequential(FindOps.java:150)
at java.base/java.util.stream.AbstractPipeline.evaluate(AbstractPipeline.java:234)
at java.base/java.util.stream.ReferencePipeline.findFirst(ReferencePipeline.java:647)
at org.openqa.selenium.remote.ProtocolHandshake.createSession(ProtocolHandshake.java:128)
at org.openqa.selenium.remote.ProtocolHandshake.createSession(ProtocolHandshake.java:74)
at org.openqa.selenium.remote.HttpCommandExecutor.execute(HttpCommandExecutor.java:136)
at org.openqa.selenium.remote.service.DriverCommandExecutor.execute(DriverCommandExecutor.java:83)
at org.openqa.selenium.remote.RemoteWebDriver.execute(RemoteWebDriver.java:552)
at org.openqa.selenium.remote.RemoteWebDriver.startSession(RemoteWebDriver.java:213)
at org.openqa.selenium.remote.RemoteWebDriver.<init>(RemoteWebDriver.java:131)
at org.openqa.selenium.chrome.ChromeDriver.<init>(ChromeDriver.java:181)
at org.openqa.selenium.chrome.ChromeDriver.<init>(ChromeDriver.java:168)
at org.openqa.selenium.chrome.ChromeDriver.<init>(ChromeDriver.java:123)
at tests.VideoPlatformNoneBookingTest.setUp(VideoPlatformNoneBookingTest.java:52)
at java.base/jdk.internal.reflect.DirectMethodHandleAccessor.invoke(DirectMethodHandleAccessor.java:103)
at java.base/java.lang.reflect.Method.invoke(Method.java:580)
at org.testng.internal.MethodInvocationHelper.invokeMethod(MethodInvocationHelper.java:133)
at org.testng.internal.MethodInvocationHelper.invokeMethodConsideringTimeout(MethodInvocationHelper.java:62)
at org.testng.internal.ConfigInvoker.invokeConfigurationMethod(ConfigInvoker.java:385)
at org.testng.internal.ConfigInvoker.invokeConfigurations(ConfigInvoker.java:321)
at org.testng.internal.TestMethodWorker.invokeBeforeClassMethods(TestMethodWorker.java:176)
at org.testng.internal.TestMethodWorker.run(TestMethodWorker.java:122)
at java.base/java.util.ArrayList.forEach(ArrayList.java:1596)
at org.testng.TestRunner.privateRun(TestRunner.java:794)
at org.testng.TestRunner.run(TestRunner.java:596)
at org.testng.SuiteRunner.runTest(SuiteRunner.java:377)
at org.testng.SuiteRunner.access$000(SuiteRunner.java:28)
at org.testng.SuiteRunner$SuiteWorker.run(SuiteRunner.java:418)
at org.testng.internal.thread.ThreadUtil.lambda$execute$0(ThreadUtil.java:64)
at java.base/java.util.concurrent.FutureTask.run(FutureTask.java:317)
at java.base/java.util.concurrent.ThreadPoolExecutor.runWorker(ThreadPoolExecutor.java:1144)
at java.base/java.util.concurrent.ThreadPoolExecutor$Worker.run(ThreadPoolExecutor.java:642)
at java.base/java.lang.Thread.run(Thread.java:1583)
]]>
    </error>
  </testcase> <!-- setUp -->
  <system-out/>
  <testcase classname="tests.VideoPlatformNoneBookingTest" name="testEncoder" time="0.000">
    <skipped/>
  </testcase> <!-- testEncoder -->
  <system-out/>
  <testcase classname="tests.VideoPlatformNoneBookingTest" name="testDecoder" time="0.000">
    <skipped/>
  </testcase> <!-- testDecoder -->
  <system-out/>
  <testcase classname="tests.VideoPlatformNoneBookingTest" name="testSource" time="0.000">
    <skipped/>
  </testcase> <!-- testSource -->
  <system-out/>
  <testcase classname="tests.VideoPlatformNoneBookingTest" name="testChannel" time="0.000">
    <skipped/>
  </testcase> <!-- testChannel -->
  <system-out/>
  <testcase classname="tests.VideoPlatformNoneBookingTest" name="testBooking" time="0.000">
    <skipped/>
  </testcase> <!-- testBooking -->
  <system-out/>
</testsuite> <!-- tests.VideoPlatformNoneBookingTest -->
